-------------------------------------------------------------------------------
Test set: ProxectoCirculo.circulitoTest
-------------------------------------------------------------------------------
Tests run: 10, Failures: 1, Errors: 0, Skipped: 0, Time elapsed: 0.485 s <<< FAILURE! - in ProxectoCirculo.circulitoTest
testTrasladarCentro(ProxectoCirculo.circulitoTest)  Time elapsed: 0.145 s  <<< FAILURE!
java.lang.AssertionError: expected:<6> but was:<5>
	at ProxectoCirculo.circulitoTest.testTrasladarCentro(circulitoTest.java:138)

